TN:
SF:level 1 js/cloneArray.js
FN:1,cloneArray
FNF:1
FNH:1
FNDA:2,cloneArray
DA:2,2
DA:5,1
LF:2
LH:2
BRF:0
BRH:0
end_of_record
TN:
SF:level 1 js/divide.js
FN:1,divide
FNF:1
FNH:1
FNDA:1,divide
DA:2,1
DA:5,1
LF:2
LH:2
BRF:0
BRH:0
end_of_record
TN:
SF:level 1 js/helloWorld.js
FN:1,(anonymous_0)
FNF:1
FNH:1
FNDA:1,(anonymous_0)
DA:1,1
DA:2,1
DA:5,1
LF:3
LH:3
BRF:0
BRH:0
end_of_record
TN:
SF:level 1 js/isNumber.js
FN:1,isNumber
FNF:1
FNH:1
FNDA:2,isNumber
DA:2,2
DA:5,1
LF:2
LH:2
BRF:0
BRH:0
end_of_record
TN:
SF:level 1 js/multiply.js
FN:1,multiply
FNF:1
FNH:1
FNDA:1,multiply
DA:2,1
DA:5,1
LF:2
LH:2
BRF:0
BRH:0
end_of_record
TN:
SF:level 1 js/subtract.js
FN:1,subtract
FNF:1
FNH:1
FNDA:1,subtract
DA:2,1
DA:5,1
LF:2
LH:2
BRF:0
BRH:0
end_of_record
TN:
SF:level 1 js/sum.js
FN:1,sum
FNF:1
FNH:1
FNDA:1,sum
DA:2,1
DA:6,1
LF:2
LH:2
BRF:0
BRH:0
end_of_record
TN:
SF:level 2 js /tipCalculator.js
FN:1,(anonymous_0)
FNF:1
FNH:1
FNDA:1,(anonymous_0)
DA:1,1
DA:2,1
DA:3,1
DA:6,1
LF:4
LH:4
BRF:0
BRH:0
end_of_record
TN:
SF:level 3 js/fizz_buzz
FN:1,fizz_buzz
FNF:1
FNH:1
FNDA:4,fizz_buzz
DA:2,4
DA:4,4
DA:5,4
DA:6,1
DA:7,3
DA:8,2
DA:9,1
DA:10,1
DA:12,0
DA:16,4
DA:19,1
LF:11
LH:10
BRDA:5,0,0,1
BRDA:5,0,1,3
BRDA:7,1,0,2
BRDA:7,1,1,1
BRDA:9,2,0,1
BRDA:9,2,1,0
BRF:6
BRH:5
end_of_record
